app/build/intermediates/manifest_merge_blame_file/debug/processDebugMainManifest/manifest-merger-blame-debug-report.txt
1<?xml version="1.0" encoding="utf-8"?>
2<manifest xmlns:android="http://schemas.android.com/apk/res/android"
3    package="com.mycompany.render3d"
4    android:versionCode="1"
5    android:versionName="1.0" >
6
7    <uses-sdk
8        android:minSdkVersion="21"
9        android:targetSdkVersion="34" />
10
11    <application
11-->src\main\AndroidManifest.xml:5:5-22:19
12        android:allowBackup="true"
12-->src\main\AndroidManifest.xml:6:9-35
13        android:debuggable="true"
14        android:extractNativeLibs="true"
15        android:icon="@drawable/ic_launcher"
15-->src\main\AndroidManifest.xml:7:9-45
16        android:label="@string/app_name"
16-->src\main\AndroidManifest.xml:8:9-41
17        android:largeHeap="true"
17-->src\main\AndroidManifest.xml:10:9-33
18        android:resizeableActivity="true"
18-->src\main\AndroidManifest.xml:11:9-42
19        android:theme="@style/AppTheme" >
19-->src\main\AndroidManifest.xml:9:9-40
20        <activity
20-->src\main\AndroidManifest.xml:12:9-21:20
21            android:name="com.mycompany.render3d.MainActivity"
21-->src\main\AndroidManifest.xml:13:13-41
22            android:exported="true"
22-->src\main\AndroidManifest.xml:15:13-36
23            android:label="@string/app_name" >
23-->src\main\AndroidManifest.xml:14:13-45
24            <intent-filter>
24-->src\main\AndroidManifest.xml:16:13-20:29
25                <action android:name="android.intent.action.MAIN" />
25-->src\main\AndroidManifest.xml:17:17-69
25-->src\main\AndroidManifest.xml:17:25-66
26
27                <category android:name="android.intent.category.LAUNCHER" />
27-->src\main\AndroidManifest.xml:19:17-77
27-->src\main\AndroidManifest.xml:19:27-74
28            </intent-filter>
29        </activity>
30    </application>
31
32</manifest>